{
"D:\\git\\vue-ssr\\src\\components\\ContentHelper.vue":{"path":"D:\\git\\vue-ssr\\src\\components\\ContentHelper.vue","statementMap":{"0":{"start":{"line":36,"column":4},"end":{"line":38,"column":5}},"1":{"start":{"line":43,"column":6},"end":{"line":43,"column":37}},"2":{"start":{"line":47,"column":6},"end":{"line":47,"column":34}}},"fnMap":{},"branchMap":{},"s":{"0":11,"1":1,"2":1},"f":{},"b":{},"inputSourceMap":{"version":3,"sources":["ContentHelper.vue"],"names":[],"mappings":";;;;;;;;;;;;;;;;;;AAkBA;AACA;AACA;AACA;AACA;AACA;AACA;AACA;AACA;AACA;AACA;AACA;AACA;AACA;AACA;;AAEA;AACA;AACA;AACA;AACA;;AAEA;AACA;AACA;AACA;;AAEA;AACA;AACA;AACA;AACA","file":"ContentHelper.vue","sourceRoot":"src\\components","sourcesContent":["<template>\r\n  <div class=\"helper\">\r\n    <span class=\"helper-left\">{{leftNum}} items left</span>\r\n    <span class=\"helper-buttons\">\r\n      <span\r\n      v-for=\" statu of status\"\r\n      :key=\"statu\"\r\n      :class=\"[statu, selected === statu ? 'activated' : '']\"\r\n      @click=\"toggleSelect(statu)\"\r\n      >\r\n        {{statu}}\r\n      </span>\r\n    </span>\r\n    <span class=\"clear\" @click=\"clearAllCompleted\">{{showCompletedText}}</span>\r\n  </div>\r\n</template>\r\n\r\n<script>\r\nexport default {\r\n  props: {\r\n    selected: { // 当前选中的状态\r\n      type: String,\r\n      required: true\r\n    },\r\n    leftNum: {\r\n      type: Number,\r\n      required: true\r\n    },\r\n    showCompletedText: {\r\n      type: String,\r\n      required: true\r\n    }\r\n  },\r\n\r\n  data () {\r\n    return {\r\n      status: ['all', 'active', 'completed']\r\n    }\r\n  },\r\n\r\n  methods: {\r\n    toggleSelect (statu) {\r\n      this.$emit('userSelect', statu)\r\n    },\r\n\r\n    clearAllCompleted () {\r\n      this.$emit('clearCompleted')\r\n    }\r\n  }\r\n}\r\n</script>\r\n\r\n<style lang=\"scss\">\r\n@import '../common/style/utils.scss';\r\n\r\n.helper {\r\n  font-weight: 100;\r\n  display: flex;\r\n  justify-content: space-around;\r\n  padding: 5px 0;\r\n  line-height: 30px;\r\n  background: $color-empty;\r\n  font-size: 14px;\r\n}\r\n\r\n.helper-left, .clear, .helper-buttons {\r\n  padding: 0 10px;\r\n}\r\n\r\n.helper-left, .clear {\r\n  width: 150px;\r\n}\r\n\r\n.clear {\r\n  cursor: pointer;\r\n  border-radius: 5px;\r\n  border: 1px solid rgba(0, 0, 0, 0);\r\n  &:hover {\r\n    border: 1px solid rgba(0, 0, 0, 0.2);\r\n  }\r\n  &:active {\r\n    border: 1px solid rgba(0, 0, 0, 0.5);\r\n  }\r\n}\r\n\r\n.helper-buttons {\r\n  width: 200px;\r\n  display: flex;\r\n  justify-content: space-around;\r\n  * {\r\n    display: inline-block;\r\n    padding: 0 10px;\r\n    cursor: pointer;\r\n    border-radius: 5px;\r\n    border: 1px solid rgba(0, 0, 0, 0);\r\n    &.activated {\r\n      border-color: rgba(0, 0, 0, 0.5);\r\n    }\r\n    &:hover {\r\n      border: 1px solid rgba(0, 0, 0, 0.2);\r\n    }\r\n    &:active {\r\n      border: 1px solid rgba(0, 0, 0, 0.5);\r\n    }\r\n  }\r\n}\r\n\r\n</style>\r\n"]},"_coverageSchema":"332fd63041d2c1bcb487cc26dd0d5f7d97098a6c","hash":"8d37f6f71b8b90bdc6aa93d7104143d06614a5b9","l":{"36":11,"43":1,"47":1}},
"D:\\git\\vue-ssr\\src\\components\\ContentItem.vue":{"path":"D:\\git\\vue-ssr\\src\\components\\ContentItem.vue","statementMap":{"0":{"start":{"line":28,"column":6},"end":{"line":28,"column":43}},"1":{"start":{"line":31,"column":6},"end":{"line":31,"column":51}}},"fnMap":{},"branchMap":{},"s":{"0":1,"1":1},"f":{},"b":{},"inputSourceMap":{"version":3,"sources":["ContentItem.vue"],"names":[],"mappings":";;;;;;;;;;;;;AAaA;AACA;AACA;AACA;AACA;AACA;AACA;AACA;AACA;AACA;AACA;AACA;AACA;AACA;AACA;AACA;AACA;AACA;AACA;AACA;AACA","file":"ContentItem.vue","sourceRoot":"src\\components","sourcesContent":["<template>\r\n  <div :class=\"['content-item', item.completed ? 'completed' : '']\">\r\n    <span\r\n     :class=\"['toggle', item.completed ? 'checked' : '']\"\r\n     @click=\"refreshThisCompleted()\"\r\n     >\r\n    </span>\r\n    <label>{{ item.content }}</label>\r\n    <button class=\"destroy\" @click=\"destroyItem\"></button>\r\n  </div>\r\n</template>\r\n\r\n<script>\r\nexport default {\r\n  props: {\r\n    item: {\r\n      type: Object,\r\n      required: true\r\n    },\r\n    checkStatu: {\r\n      type: Boolean,\r\n      required: true\r\n    }\r\n  },\r\n  methods: {\r\n    destroyItem () {\r\n      // this.item.isDeleted = true\r\n      this.$emit('refreshItems', this.item)\r\n    },\r\n    refreshThisCompleted () {\r\n      this.$emit('refreshItemCompleted', this.item)\r\n    }\r\n  }\r\n}\r\n</script>\r\n\r\n<style lang=\"scss\">\r\n@import '../common/style/utils.scss';\r\n\r\n.content-item {\r\n  position: relative;\r\n  background-color: #ffffff;\r\n  font-style: 24px;\r\n  border-bottom: 1px solid rgba(0, 0, 0, .1);\r\n  &:hover {\r\n    .destroy:after {\r\n      content: 'x'\r\n    }\r\n  }\r\n  label {\r\n    white-space: pre-line;\r\n    text-align: left;\r\n    word-break: break-all;\r\n    padding: 15px 60px 15px 15px;\r\n    margin-left: 45px;\r\n    display: block;\r\n    line-height: 1.2;\r\n    transition: color 0.4s;\r\n    }\r\n  &.completed {\r\n    label {\r\n      color: #d9d9d9;\r\n      text-decoration: line-through;\r\n    }\r\n  }\r\n  .toggle {\r\n    width: 40px;\r\n    height: 40px;\r\n    position: absolute;\r\n    left: 2.5px;\r\n    top: 0;\r\n    bottom: 0;\r\n    margin: auto 0;\r\n    border: none;\r\n    outline: none;\r\n    &:after {\r\n      font-family: 'ionicons';\r\n      font-size: 40px;\r\n      padding-left: 4px;\r\n      content: '\\f401'\r\n    }\r\n    &.checked:after {\r\n      font-family: 'ionicons';\r\n      font-size: 40px;\r\n      padding-left: 4px;\r\n      content: '\\f3fe'\r\n    }\r\n  }\r\n  .destroy {\r\n    position: absolute;\r\n    top: 0;\r\n    right: 10px;\r\n    width: 40px;\r\n    height: 50px;\r\n    margin: auto 0;\r\n    font-size: 30px;\r\n    color: $color-negative;\r\n    margin-bottom: 11px;\r\n    transition: color 0.2s ease-out;\r\n    background-color: transparent;\r\n    border: 0;\r\n    cursor: pointer;\r\n    outline: none;\r\n  }\r\n}\r\n</style>\r\n"]},"_coverageSchema":"332fd63041d2c1bcb487cc26dd0d5f7d97098a6c","hash":"0cd9c80b995ce64f02994a5a78d860699df5899c","l":{"28":1,"31":1}},
"D:\\git\\vue-ssr\\src\\components\\Layout.vue":{"path":"D:\\git\\vue-ssr\\src\\components\\Layout.vue","statementMap":{},"fnMap":{},"branchMap":{},"s":{},"f":{},"b":{},"inputSourceMap":{"version":3,"sources":["Layout.vue"],"names":[],"mappings":";;;;;;;;;;AAUA;AACA;AACA;;AAEA;AACA;AACA;AACA;AACA;AACA;AACA","file":"Layout.vue","sourceRoot":"src\\components","sourcesContent":["<template>\r\n  <section>\r\n    <div id=\"cover\"></div> <!-- 在 body 有背景图时，可调节背景图明暗的-->\r\n    <LayoutHeader/>\r\n    <LayoutContent/>\r\n    <LayoutFooter/>\r\n  </section>\r\n</template>\r\n\r\n<script>\r\nimport LayoutHeader from './LayoutHeader'\r\nimport LayoutContent from './LayoutContent'\r\nimport LayoutFooter from './LayoutFooter'\r\n\r\nexport default {\r\n  components: {\r\n    LayoutHeader,\r\n    LayoutContent,\r\n    LayoutFooter\r\n  }\r\n}\r\n</script>\r\n\r\n<style lang=\"scss\">\r\n@import '../common/style/utils.scss';\r\n\r\n#cover {\r\n  @include position(absolute, 0, 0, 0, 0);\r\n  background: #808080;\r\n  opacity: .1;  // 此处调节透明度，可达到调节背景图明暗的目的\r\n  z-index: -1;\r\n}\r\n</style>\r\n"]},"_coverageSchema":"332fd63041d2c1bcb487cc26dd0d5f7d97098a6c","hash":"0d79d1ebc4988f002ea5c0dd5ec90c5ef6021df0","l":{}},
"D:\\git\\vue-ssr\\src\\components\\LayoutHeader.vue":{"path":"D:\\git\\vue-ssr\\src\\components\\LayoutHeader.vue","statementMap":{},"fnMap":{},"branchMap":{},"s":{},"f":{},"b":{},"inputSourceMap":{"version":3,"sources":["LayoutHeader.vue"],"names":[],"mappings":";;;;;;;AAOA","file":"LayoutHeader.vue","sourceRoot":"src\\components","sourcesContent":["<template>\r\n  <div id=\"layout-header\">\r\n    <h1>Personal List</h1>\r\n  </div>\r\n</template>\r\n\r\n<script>\r\nexport default {}\r\n</script>\r\n\r\n<style lang=\"scss\">\r\n@import '../common/style/utils.scss';\r\n\r\n#layout-header {\r\n  color: $color-full;\r\n  h1 {\r\n    font-size: 100px;\r\n    font-weight: 100;\r\n    text-align: center;\r\n    color: rgba(175, 47, 47, .5);\r\n    -webkit-text-rendering: optimizeLegibility;\r\n    -moz-text-rendering: optimizeLegibility;\r\n    text-rendering: optimizeLegibility;\r\n  }\r\n}\r\n</style>\r\n"]},"_coverageSchema":"332fd63041d2c1bcb487cc26dd0d5f7d97098a6c","hash":"acd15dd0e53800ae741086bc40cdc8f85e783852","l":{}},
"D:\\git\\vue-ssr\\src\\components\\LayoutContent.vue":{"path":"D:\\git\\vue-ssr\\src\\components\\LayoutContent.vue","statementMap":{"0":{"start":{"line":32,"column":9},"end":{"line":32,"column":10}},"1":{"start":{"line":36,"column":4},"end":{"line":42,"column":5}},"2":{"start":{"line":52,"column":6},"end":{"line":54,"column":15}},"3":{"start":{"line":53,"column":8},"end":{"line":53,"column":30}},"4":{"start":{"line":58,"column":6},"end":{"line":60,"column":7}},"5":{"start":{"line":59,"column":8},"end":{"line":59,"column":25}},"6":{"start":{"line":61,"column":24},"end":{"line":61,"column":56}},"7":{"start":{"line":62,"column":6},"end":{"line":62,"column":68}},"8":{"start":{"line":62,"column":39},"end":{"line":62,"column":67}},"9":{"start":{"line":68,"column":6},"end":{"line":70,"column":7}},"10":{"start":{"line":69,"column":8},"end":{"line":69,"column":14}},"11":{"start":{"line":71,"column":6},"end":{"line":76,"column":8}},"12":{"start":{"line":77,"column":6},"end":{"line":77,"column":25}},"13":{"start":{"line":81,"column":6},"end":{"line":81,"column":27}},"14":{"start":{"line":82,"column":6},"end":{"line":84,"column":8}},"15":{"start":{"line":83,"column":8},"end":{"line":83,"column":30}},"16":{"start":{"line":88,"column":6},"end":{"line":88,"column":30}},"17":{"start":{"line":92,"column":6},"end":{"line":92,"column":38}},"18":{"start":{"line":96,"column":6},"end":{"line":98,"column":8}},"19":{"start":{"line":97,"column":8},"end":{"line":97,"column":30}},"20":{"start":{"line":99,"column":6},"end":{"line":99,"column":35}},"21":{"start":{"line":100,"column":6},"end":{"line":100,"column":51}},"22":{"start":{"line":100,"column":25},"end":{"line":100,"column":49}},"23":{"start":{"line":101,"column":6},"end":{"line":103,"column":14}},"24":{"start":{"line":102,"column":8},"end":{"line":102,"column":46}}},"fnMap":{"0":{"name":"(anonymous_0)","decl":{"start":{"line":52,"column":31},"end":{"line":52,"column":32}},"loc":{"start":{"line":52,"column":39},"end":{"line":54,"column":7}},"line":52},"1":{"name":"(anonymous_1)","decl":{"start":{"line":62,"column":31},"end":{"line":62,"column":32}},"loc":{"start":{"line":62,"column":39},"end":{"line":62,"column":67}},"line":62},"2":{"name":"(anonymous_2)","decl":{"start":{"line":82,"column":37},"end":{"line":82,"column":38}},"loc":{"start":{"line":82,"column":45},"end":{"line":84,"column":7}},"line":82},"3":{"name":"(anonymous_3)","decl":{"start":{"line":96,"column":37},"end":{"line":96,"column":38}},"loc":{"start":{"line":96,"column":45},"end":{"line":98,"column":7}},"line":96},"4":{"name":"(anonymous_4)","decl":{"start":{"line":101,"column":30},"end":{"line":101,"column":31}},"loc":{"start":{"line":101,"column":36},"end":{"line":103,"column":7}},"line":101}},"branchMap":{"0":{"loc":{"start":{"line":58,"column":6},"end":{"line":60,"column":7}},"type":"if","locations":[{"start":{"line":58,"column":6},"end":{"line":60,"column":7}},{"start":{"line":58,"column":6},"end":{"line":60,"column":7}}],"line":58},"1":{"loc":{"start":{"line":68,"column":6},"end":{"line":70,"column":7}},"type":"if","locations":[{"start":{"line":68,"column":6},"end":{"line":70,"column":7}},{"start":{"line":68,"column":6},"end":{"line":70,"column":7}}],"line":68},"2":{"loc":{"start":{"line":100,"column":6},"end":{"line":100,"column":51}},"type":"if","locations":[{"start":{"line":100,"column":6},"end":{"line":100,"column":51}},{"start":{"line":100,"column":6},"end":{"line":100,"column":51}}],"line":100}},"s":{"0":1,"1":8,"2":18,"3":6,"4":19,"5":17,"6":2,"7":2,"8":1,"9":3,"10":1,"11":2,"12":2,"13":1,"14":1,"15":1,"16":1,"17":1,"18":2,"19":1,"20":2,"21":2,"22":1,"23":2,"24":2},"f":{"0":6,"1":1,"2":1,"3":1,"4":2},"b":{"0":[17,2],"1":[1,2],"2":[1,1]},"inputSourceMap":{"version":3,"sources":["LayoutContent.vue"],"names":[],"mappings":";;;;;;;;;;;;;;;;;;;;;;;;;;;;AA4BA;AACA;;AAEA;;AAEA;AACA;AACA;AACA;AACA;AACA;AACA;AACA;AACA;AACA;;AAEA;AACA;AACA;AACA;;AAEA;AACA;AACA;AACA;AACA;AACA;;AAEA;AACA;AACA;AACA;AACA;AACA;AACA;AACA;;AAEA;AACA;AACA;AACA;AACA;AACA;AACA;AACA;AACA;AACA;AACA;AACA;AACA;;AAEA;AACA;AACA;AACA;AACA;AACA;;AAEA;AACA;AACA;;AAEA;AACA;AACA;;AAEA;AACA;AACA;AACA;AACA;AACA;AACA;AACA;AACA;AACA;AACA;AACA","file":"LayoutContent.vue","sourceRoot":"src\\components","sourcesContent":["<template>\r\n <div id=\"layout-content\">\r\n   <input\r\n     type=\"text\"\r\n     class=\"add-item\"\r\n    autofocus\r\n     placeholder=\"What's next to do ?\"\r\n     @keyup.enter=\"addTodoItem\"\r\n    />\r\n   <ContentItem\r\n     :item=\"item\"\r\n     :checkStatu=\"checkStatu\"\r\n     v-for=\"item of filteredItems\"\r\n     :key=\"item.id\"\r\n     @refreshItems=\"refreshItems\"\r\n     @refreshItemCompleted=\"refreshItemCompleted\"\r\n    />\r\n   <ContentHelper\r\n     :selected=\"hasSelected\"\r\n     :leftNum=\"leftNumber\"\r\n     :showCompletedText=\"completedText\"\r\n     @userSelect=\"refreshSelect\"\r\n     @clearCompleted=\"clearCompleted\"\r\n    />\r\n </div>\r\n</template>\r\n\r\n<script>\r\nimport ContentItem from './ContentItem'\r\nimport ContentHelper from './ContentHelper'\r\n\r\nlet id = 0 // 配置新建 item 的索引\r\n\r\nexport default {\r\n  data () {\r\n    return {\r\n      items: [], // 所有条目的容器\r\n      hasSelected: 'all', // 当前用户选择的项 all/active/completed\r\n      completedText: 'Clear Completed',\r\n      checkStatu: false,\r\n      timer: 0\r\n    }\r\n  },\r\n\r\n  components: {\r\n    ContentItem,\r\n    ContentHelper\r\n  },\r\n\r\n  computed: {\r\n    leftNumber () {\r\n      return this.items.filter(item => { // 只要 items 发生变化就会重新计算\r\n        return !item.completed\r\n      }).length\r\n    },\r\n\r\n    filteredItems () { // 选择 hasSelected 时，应是过滤显示，而不是修改源数据\r\n      if (this.hasSelected === 'all') {\r\n        return this.items\r\n      }\r\n      const completed = this.hasSelected === 'completed'\r\n      return this.items.filter(item => completed === item.completed)\r\n    }\r\n  },\r\n\r\n  methods: {\r\n    addTodoItem (e) {\r\n      if (!e.target.value) {\r\n        return\r\n      }\r\n      this.items.unshift({\r\n        id: id++,\r\n        content: e.target.value.trim(),\r\n        completed: false,\r\n        isDeleted: false\r\n      })\r\n      e.target.value = ''\r\n    },\r\n\r\n    refreshItems (todo) {\r\n      todo.isDeleted = true\r\n      this.items = this.items.filter(item => {\r\n        return !item.isDeleted\r\n      })\r\n    },\r\n\r\n    refreshSelect (statu) {\r\n      this.hasSelected = statu\r\n    },\r\n\r\n    refreshItemCompleted (item) {\r\n      item.completed = !item.completed\r\n    },\r\n\r\n    clearCompleted () {\r\n      this.items = this.items.filter(item => {\r\n        return !item.completed\r\n      })\r\n      this.completedText = 'Done !'\r\n      if (!this.timer) { clearTimeout(this.timer) }\r\n      this.timer = setTimeout(() => {\r\n        this.completedText = 'Clear Completed'\r\n      }, 1000)\r\n    }\r\n  }\r\n}\r\n</script>\r\n\r\n<style lang=\"scss\">\r\n @import '../common/style/utils.scss';\r\n\r\n#layout-content {\r\n  margin: 0 auto;\r\n  width: 600px;\r\n  box-shadow: 0 0 5px $color-medium-well;\r\n  .add-item {\r\n    position: relative;\r\n    margin: 0;\r\n    width: 100%;\r\n    font-size: 24px;\r\n    font-family: inherit;\r\n    font-weight: inherit;\r\n    line-height: 1.4em;\r\n    border: 0;\r\n    outline: none;\r\n    color: inherit;\r\n    padding: 6px;\r\n    border: 1px solid #999;\r\n    box-shadow: inset 0 -1px 5px 0 rgba(0, 0, 0, 0.4);\r\n    box-sizing: border-box;\r\n  }\r\n};\r\n</style>\r\n"]},"_coverageSchema":"332fd63041d2c1bcb487cc26dd0d5f7d97098a6c","hash":"f05b6a479b52b2534bf912a818d76e1dd34078f5","l":{"32":1,"36":8,"52":18,"53":6,"58":19,"59":17,"61":2,"62":2,"68":3,"69":1,"71":2,"77":2,"81":1,"82":1,"83":1,"88":1,"92":1,"96":2,"97":1,"99":2,"100":2,"101":2,"102":2}},
"D:\\git\\vue-ssr\\src\\components\\LayoutFooter.jsx":{"path":"D:\\git\\vue-ssr\\src\\components\\LayoutFooter.jsx","statementMap":{"0":{"start":{"line":5,"column":4},"end":{"line":9,"column":5}}},"fnMap":{},"branchMap":{},"s":{"0":3},"f":{},"b":{},"_coverageSchema":"332fd63041d2c1bcb487cc26dd0d5f7d97098a6c","hash":"49396e39789c2db8d832768f3b40bc6ebc61c596","l":{"5":3}},
"D:\\git\\vue-ssr\\src\\App.vue":{"path":"D:\\git\\vue-ssr\\src\\App.vue","statementMap":{},"fnMap":{},"branchMap":{},"s":{},"f":{},"b":{},"inputSourceMap":{"version":3,"sources":["App.vue"],"names":[],"mappings":";;;;;;;AAOA;AACA;AACA","file":"App.vue","sourceRoot":"src","sourcesContent":["<template>\n  <div id=\"app\">\n    <router-view/>\n  </div>\n</template>\n\n<script>\nexport default {\n  name: 'App'\n}\n</script>\n\n<style>\n#app {\n  font-family: 'Avenir', Helvetica, Arial, sans-serif;\n  -webkit-font-smoothing: antialiased;\n  -moz-osx-font-smoothing: grayscale;\n  text-align: center;\n  color: #2c3e50;\n  margin-top: 60px;\n}\n</style>\n"]},"_coverageSchema":"332fd63041d2c1bcb487cc26dd0d5f7d97098a6c","hash":"bd99d0c627ff07e48cb18e249150c84953ce2a04","l":{}}}
