TN:
SF:D:\git\vue-ssr\src\components\ContentHelper.vue
FNF:0
FNH:0
DA:36,11
DA:43,1
DA:47,1
LF:3
LH:3
BRF:0
BRH:0
end_of_record
TN:
SF:D:\git\vue-ssr\src\components\ContentItem.vue
FNF:0
FNH:0
DA:28,1
DA:31,1
LF:2
LH:2
BRF:0
BRH:0
end_of_record
TN:
SF:D:\git\vue-ssr\src\components\Layout.vue
FNF:0
FNH:0
LF:0
LH:0
BRF:0
BRH:0
end_of_record
TN:
SF:D:\git\vue-ssr\src\components\LayoutHeader.vue
FNF:0
FNH:0
LF:0
LH:0
BRF:0
BRH:0
end_of_record
TN:
SF:D:\git\vue-ssr\src\components\LayoutContent.vue
FN:52,(anonymous_0)
FN:62,(anonymous_1)
FN:82,(anonymous_2)
FN:96,(anonymous_3)
FN:101,(anonymous_4)
FNF:5
FNH:5
FNDA:6,(anonymous_0)
FNDA:1,(anonymous_1)
FNDA:1,(anonymous_2)
FNDA:1,(anonymous_3)
FNDA:2,(anonymous_4)
DA:32,1
DA:36,8
DA:52,18
DA:53,6
DA:58,19
DA:59,17
DA:61,2
DA:62,2
DA:68,3
DA:69,1
DA:71,2
DA:77,2
DA:81,1
DA:82,1
DA:83,1
DA:88,1
DA:92,1
DA:96,2
DA:97,1
DA:99,2
DA:100,2
DA:101,2
DA:102,2
LF:23
LH:23
BRDA:58,0,0,17
BRDA:58,0,1,2
BRDA:68,1,0,1
BRDA:68,1,1,2
BRDA:100,2,0,1
BRDA:100,2,1,1
BRF:6
BRH:6
end_of_record
TN:
SF:D:\git\vue-ssr\src\components\LayoutFooter.jsx
FNF:0
FNH:0
DA:5,3
LF:1
LH:1
BRF:0
BRH:0
end_of_record
TN:
SF:D:\git\vue-ssr\src\App.vue
FNF:0
FNH:0
LF:0
LH:0
BRF:0
BRH:0
end_of_record
